#
# There is insufficient memory for the Java Runtime Environment to continue.
# Native memory allocation (mmap) failed to map 30408704 bytes for G1 virtual space
# Possible reasons:
#   The system is out of physical RAM or swap space
#   The process is running with CompressedOops enabled, and the Java Heap may be blocking the growth of the native heap
# Possible solutions:
#   Reduce memory load on the system
#   Increase physical memory or swap space
#   Check if swap backing store is full
#   Decrease Java heap size (-Xmx/-Xms)
#   Decrease number of Java threads
#   Decrease Java thread stack sizes (-Xss)
#   Set larger code cache with -XX:ReservedCodeCacheSize=
#   JVM is running with Unscaled Compressed Oops mode in which the Java heap is
#     placed in the first 4GB address space. The Java Heap base address is the
#     maximum limit for the native heap growth. Please use -XX:HeapBaseMinAddress
#     to set the Java Heap base and to place the Java Heap above 4GB virtual address.
# This output file may be truncated or incomplete.
#
#  Out of Memory Error (os_windows.cpp:3825), pid=3344, tid=11052
#
# JRE version: OpenJDK Runtime Environment (17.0.9) (build 17.0.9+0--11185874)
# Java VM: OpenJDK 64-Bit Server VM (17.0.9+0--11185874, mixed mode, tiered, compressed oops, compressed class ptrs, g1 gc, windows-amd64)
# No core dump will be written. Minidumps are not enabled by default on client versions of Windows
#

---------------  S U M M A R Y ------------

Command Line: org.jetbrains.kotlin.cli.jvm.K2JVMCompiler @C:\Users\Edralyn\Desktop\IT342LEGIT\IT342-Bibera-Examies\mobile\app\build\20260329_1945169938105374100.compiler.options

Host: AMD Ryzen 7 8845HS w/ Radeon 780M Graphics     , 16 cores, 7G,  Windows 11 , 64 bit Build 26100 (10.0.26100.7920)
Time: Sun Mar 29 00:36:54 2026 Malay Peninsula Standard Time elapsed time: 5.809911 seconds (0d 0h 0m 5s)

---------------  T H R E A D  ---------------

Current thread (0x00000126a32be620):  VMThread "VM Thread" [stack: 0x0000000aed200000,0x0000000aed300000] [id=11052]

Stack: [0x0000000aed200000,0x0000000aed300000]
Native frames: (J=compiled Java code, j=interpreted, Vv=VM code, C=native code)
V  [jvm.dll+0x6886e9]
V  [jvm.dll+0x841e4a]
V  [jvm.dll+0x843a8e]
V  [jvm.dll+0x8440f3]
V  [jvm.dll+0x24c14f]
V  [jvm.dll+0x685499]
V  [jvm.dll+0x679c2a]
V  [jvm.dll+0x30cf9b]
V  [jvm.dll+0x314446]
V  [jvm.dll+0x36425e]
V  [jvm.dll+0x36448f]
V  [jvm.dll+0x2e2d68]
V  [jvm.dll+0x2e0f44]
V  [jvm.dll+0x2e054c]
V  [jvm.dll+0x3253fb]
V  [jvm.dll+0x8487eb]
V  [jvm.dll+0x849531]
V  [jvm.dll+0x849a4d]
V  [jvm.dll+0x849e24]
V  [jvm.dll+0x849ef0]
V  [jvm.dll+0x7f06aa]
V  [jvm.dll+0x687565]
C  [ucrtbase.dll+0x37b0]
C  [KERNEL32.DLL+0x2e8d7]
C  [ntdll.dll+0x8c48c]

VM_Operation (0x0000000aeccf95d0): G1CollectForAllocation, mode: safepoint, requested by thread 0x0000012687087200


---------------  P R O C E S S  ---------------

Threads class SMR info:
_java_thread_list=0x00000126a87b9820, length=16, elements={
0x0000012687087200, 0x00000126a32d3020, 0x00000126a32d39e0, 0x00000126a3165400,
0x00000126a3165cd0, 0x00000126a3167610, 0x00000126a32f7b70, 0x00000126a32fa3e0,
0x00000126a32fba00, 0x00000126a3319640, 0x00000126a3489940, 0x00000126a348fe80,
0x00000126a34a2a70, 0x00000126a3511e70, 0x00000126a37c3280, 0x00000126a3991380
}

Java Threads: ( => current thread )
  0x0000012687087200 JavaThread "main" [_thread_blocked, id=18952, stack(0x0000000aecc00000,0x0000000aecd00000)]
  0x00000126a32d3020 JavaThread "Reference Handler" daemon [_thread_blocked, id=26036, stack(0x0000000aed300000,0x0000000aed400000)]
  0x00000126a32d39e0 JavaThread "Finalizer" daemon [_thread_blocked, id=36224, stack(0x0000000aed400000,0x0000000aed500000)]
  0x00000126a3165400 JavaThread "Signal Dispatcher" daemon [_thread_blocked, id=34404, stack(0x0000000aed500000,0x0000000aed600000)]
  0x00000126a3165cd0 JavaThread "Attach Listener" daemon [_thread_blocked, id=34340, stack(0x0000000aed600000,0x0000000aed700000)]
  0x00000126a3167610 JavaThread "Service Thread" daemon [_thread_blocked, id=11760, stack(0x0000000aed700000,0x0000000aed800000)]
  0x00000126a32f7b70 JavaThread "Monitor Deflation Thread" daemon [_thread_blocked, id=10152, stack(0x0000000aed800000,0x0000000aed900000)]
  0x00000126a32fa3e0 JavaThread "C2 CompilerThread0" daemon [_thread_blocked, id=33796, stack(0x0000000aed900000,0x0000000aeda00000)]
  0x00000126a32fba00 JavaThread "C1 CompilerThread0" daemon [_thread_blocked, id=14992, stack(0x0000000aeda00000,0x0000000aedb00000)]
  0x00000126a3319640 JavaThread "Sweeper thread" daemon [_thread_blocked, id=2392, stack(0x0000000aedb00000,0x0000000aedc00000)]
  0x00000126a3489940 JavaThread "C1 CompilerThread1" daemon [_thread_blocked, id=5260, stack(0x0000000aedc00000,0x0000000aedd00000)]
  0x00000126a348fe80 JavaThread "Notification Thread" daemon [_thread_blocked, id=33140, stack(0x0000000aedd00000,0x0000000aede00000)]
  0x00000126a34a2a70 JavaThread "Common-Cleaner" daemon [_thread_blocked, id=20828, stack(0x0000000aedf00000,0x0000000aee000000)]
  0x00000126a3511e70 JavaThread "C2 CompilerThread1" daemon [_thread_blocked, id=2028, stack(0x0000000aee000000,0x0000000aee100000)]
  0x00000126a37c3280 JavaThread "C1 CompilerThread2" daemon [_thread_blocked, id=15960, stack(0x0000000aee100000,0x0000000aee200000)]
  0x00000126a3991380 JavaThread "C1 CompilerThread3" daemon [_thread_blocked, id=33084, stack(0x0000000aee200000,0x0000000aee300000)]

Other Threads:
=>0x00000126a32be620 VMThread "VM Thread" [stack: 0x0000000aed200000,0x0000000aed300000] [id=11052]
  0x00000126a3490360 WatcherThread [stack: 0x0000000aede00000,0x0000000aedf00000] [id=30596]
  0x00000126870e15f0 GCTaskThread "GC Thread#0" [stack: 0x0000000aecd00000,0x0000000aece00000] [id=30028]
  0x00000126a3bb4870 GCTaskThread "GC Thread#1" [stack: 0x0000000aee300000,0x0000000aee400000] [id=12916]
  0x00000126a3bc8150 GCTaskThread "GC Thread#2" [stack: 0x0000000aee400000,0x0000000aee500000] [id=25052]
  0x00000126a3bc8410 GCTaskThread "GC Thread#3" [stack: 0x0000000aee500000,0x0000000aee600000] [id=34656]
  0x00000126a3bc86d0 GCTaskThread "GC Thread#4" [stack: 0x0000000aee600000,0x0000000aee700000] [id=37076]
  0x00000126a85d40b0 GCTaskThread "GC Thread#5" [stack: 0x0000000aee800000,0x0000000aee900000] [id=23576]
  0x00000126a8383460 GCTaskThread "GC Thread#6" [stack: 0x0000000aee900000,0x0000000aeea00000] [id=32516]
  0x00000126a8585040 GCTaskThread "GC Thread#7" [stack: 0x0000000aeea00000,0x0000000aeeb00000] [id=29796]
  0x00000126a860cc40 GCTaskThread "GC Thread#8" [stack: 0x0000000aeeb00000,0x0000000aeec00000] [id=25040]
  0x00000126a86d1ef0 GCTaskThread "GC Thread#9" [stack: 0x0000000aeee00000,0x0000000aeef00000] [id=25044]
  0x00000126a8e61b20 GCTaskThread "GC Thread#10" [stack: 0x0000000aeef00000,0x0000000aef000000] [id=20084]
  0x00000126a8c7cf70 GCTaskThread "GC Thread#11" [stack: 0x0000000aef000000,0x0000000aef100000] [id=36608]
  0x00000126a8c7d230 GCTaskThread "GC Thread#12" [stack: 0x0000000aef100000,0x0000000aef200000] [id=33112]
  0x00000126870f1c10 ConcurrentGCThread "G1 Main Marker" [stack: 0x0000000aece00000,0x0000000aecf00000] [id=9424]
  0x00000126870f43f0 ConcurrentGCThread "G1 Conc#0" [stack: 0x0000000aecf00000,0x0000000aed000000] [id=32400]
  0x00000126a3bc6910 ConcurrentGCThread "G1 Conc#1" [stack: 0x0000000aeec00000,0x0000000aeed00000] [id=9648]
  0x00000126a8476930 ConcurrentGCThread "G1 Conc#2" [stack: 0x0000000aeed00000,0x0000000aeee00000] [id=24220]
  0x000001268713ead0 ConcurrentGCThread "G1 Refine#0" [stack: 0x0000000aed000000,0x0000000aed100000] [id=31828]
  0x00000126a2fb5520 ConcurrentGCThread "G1 Service" [stack: 0x0000000aed100000,0x0000000aed200000] [id=33060]

Threads with active compile tasks:
C2 CompilerThread0     5823 5735       4       org.jetbrains.kotlin.metadata.ProtoBuf$Type::getSerializedSize (393 bytes)
C1 CompilerThread1     5823 5760   !   3       org.jetbrains.kotlin.metadata.ProtoBuf$Package::<init> (656 bytes)
C2 CompilerThread1     5823 5618       4       jdk.internal.loader.BuiltinClassLoader::defineClass (121 bytes)

VM state: at safepoint (normal execution)

VM Mutex/Monitor currently owned by a thread:  ([mutex/lock_event])
[0x00000126870717f0] Threads_lock - owner thread: 0x00000126a32be620
[0x00000126870855b0] Heap_lock - owner thread: 0x0000012687087200

Heap address: 0x000000008b000000, size: 1872 MB, Compressed Oops mode: 32-bit

CDS archive(s) not mapped
Compressed class space mapped at: 0x0000000100000000-0x0000000140000000, reserved size: 1073741824
Narrow klass base: 0x0000000000000000, Narrow klass shift: 3, Narrow klass range: 0x140000000

GC Precious Log:
 CPUs: 16 total, 16 available
 Memory: 7484M
 Large Page Support: Disabled
 NUMA Support: Disabled
 Compressed Oops: Enabled (32-bit)
 Heap Region Size: 1M
 Heap Min Capacity: 8M
 Heap Initial Capacity: 118M
 Heap Max Capacity: 1872M
 Pre-touch: Disabled
 Parallel Workers: 13
 Concurrent Workers: 3
 Concurrent Refinement Workers: 13
 Periodic GC: Disabled

Heap:
 garbage-first heap   total 121856K, used 38716K [0x000000008b000000, 0x0000000100000000)
  region size 1024K, 1 young (1024K), 1 survivors (1024K)
 Metaspace       used 53061K, committed 53248K, reserved 1114112K
  class space    used 6273K, committed 6336K, reserved 1048576K

Heap Regions: E=young(eden), S=young(survivor), O=old, HS=humongous(starts), HC=humongous(continues), CS=collection set, F=free, OA=open archive, CA=closed archive, TAMS=top-at-mark-start (previous, next)
|   0|0x000000008b000000, 0x000000008b100000, 0x000000008b100000|100%|HS|  |TAMS 0x000000008b100000, 0x000000008b000000| Complete 
|   1|0x000000008b100000, 0x000000008b200000, 0x000000008b200000|100%|HC|  |TAMS 0x000000008b200000, 0x000000008b100000| Complete 
|   2|0x000000008b200000, 0x000000008b300000, 0x000000008b300000|100%|HC|  |TAMS 0x000000008b300000, 0x000000008b200000| Complete 
|   3|0x000000008b300000, 0x000000008b400000, 0x000000008b400000|100%|HC|  |TAMS 0x000000008b400000, 0x000000008b300000| Complete 
|   4|0x000000008b400000, 0x000000008b500000, 0x000000008b500000|100%| O|  |TAMS 0x000000008b500000, 0x000000008b400000| Untracked 
|   5|0x000000008b500000, 0x000000008b600000, 0x000000008b600000|100%| O|  |TAMS 0x000000008b600000, 0x000000008b500000| Untracked 
|   6|0x000000008b600000, 0x000000008b700000, 0x000000008b700000|100%| O|  |TAMS 0x000000008b700000, 0x000000008b600000| Untracked 
|   7|0x000000008b700000, 0x000000008b800000, 0x000000008b800000|100%| O|  |TAMS 0x000000008b800000, 0x000000008b700000| Untracked 
|   8|0x000000008b800000, 0x000000008b900000, 0x000000008b900000|100%| O|  |TAMS 0x000000008b900000, 0x000000008b800000| Untracked 
|   9|0x000000008b900000, 0x000000008ba00000, 0x000000008ba00000|100%| O|  |TAMS 0x000000008ba00000, 0x000000008b900000| Untracked 
|  10|0x000000008ba00000, 0x000000008bb00000, 0x000000008bb00000|100%| O|  |TAMS 0x000000008bb00000, 0x000000008ba00000| Untracked 
|  11|0x000000008bb00000, 0x000000008bc00000, 0x000000008bc00000|100%| O|  |TAMS 0x000000008bc00000, 0x000000008bb00000| Untracked 
|  12|0x000000008bc00000, 0x000000008bd00000, 0x000000008bd00000|100%| O|  |TAMS 0x000000008bd00000, 0x000000008bc00000| Untracked 
|  13|0x000000008bd00000, 0x000000008be00000, 0x000000008be00000|100%| O|  |TAMS 0x000000008be00000, 0x000000008bd00000| Untracked 
|  14|0x000000008be00000, 0x000000008bf00000, 0x000000008bf00000|100%| O|  |TAMS 0x000000008bf00000, 0x000000008be00000| Untracked 
|  15|0x000000008bf00000, 0x000000008c000000, 0x000000008c000000|100%| O|  |TAMS 0x000000008c000000, 0x000000008bf00000| Untracked 
|  16|0x000000008c000000, 0x000000008c100000, 0x000000008c100000|100%|HS|  |TAMS 0x000000008c100000, 0x000000008c000000| Complete 
|  17|0x000000008c100000, 0x000000008c200000, 0x000000008c200000|100%|HC|  |TAMS 0x000000008c200000, 0x000000008c100000| Complete 
|  18|0x000000008c200000, 0x000000008c300000, 0x000000008c300000|100%| O|  |TAMS 0x000000008c300000, 0x000000008c200000| Untracked 
|  19|0x000000008c300000, 0x000000008c400000, 0x000000008c400000|100%| O|  |TAMS 0x000000008c400000, 0x000000008c300000| Untracked 
|  20|0x000000008c400000, 0x000000008c500000, 0x000000008c500000|100%| O|  |TAMS 0x000000008c400000, 0x000000008c400000| Untracked 
|  21|0x000000008c500000, 0x000000008c600000, 0x000000008c600000|100%| O|  |TAMS 0x000000008c600000, 0x000000008c500000| Untracked 
|  22|0x000000008c600000, 0x000000008c700000, 0x000000008c700000|100%| O|  |TAMS 0x000000008c700000, 0x000000008c600000| Untracked 
|  23|0x000000008c700000, 0x000000008c800000, 0x000000008c800000|100%| O|  |TAMS 0x000000008c800000, 0x000000008c700000| Untracked 
|  24|0x000000008c800000, 0x000000008c900000, 0x000000008c900000|100%| O|  |TAMS 0x000000008c800000, 0x000000008c800000| Untracked 
|  25|0x000000008c900000, 0x000000008ca00000, 0x000000008ca00000|100%| O|  |TAMS 0x000000008ca00000, 0x000000008c900000| Untracked 
|  26|0x000000008ca00000, 0x000000008cb00000, 0x000000008cb00000|100%| O|  |TAMS 0x000000008ca00000, 0x000000008ca00000| Untracked 
|  27|0x000000008cb00000, 0x000000008cb00000, 0x000000008cc00000|  0%| F|  |TAMS 0x000000008cb00000, 0x000000008cb00000| Untracked 
|  28|0x000000008cc00000, 0x000000008cd00000, 0x000000008cd00000|100%| O|  |TAMS 0x000000008cd00000, 0x000000008cc00000| Untracked 
|  29|0x000000008cd00000, 0x000000008ce00000, 0x000000008ce00000|100%| O|  |TAMS 0x000000008ce00000, 0x000000008cd00000| Untracked 
|  30|0x000000008ce00000, 0x000000008cf00000, 0x000000008cf00000|100%| O|  |TAMS 0x000000008cf00000, 0x000000008ce00000| Untracked 
|  31|0x000000008cf00000, 0x000000008d000000, 0x000000008d000000|100%| O|  |TAMS 0x000000008d000000, 0x000000008cf00000| Untracked 
|  32|0x000000008d000000, 0x000000008d100000, 0x000000008d100000|100%| O|  |TAMS 0x000000008d100000, 0x000000008d000000| Untracked 
|  33|0x000000008d100000, 0x000000008d200000, 0x000000008d200000|100%| O|  |TAMS 0x000000008d200000, 0x000000008d100000| Untracked 
|  34|0x000000008d200000, 0x000000008d300000, 0x000000008d300000|100%| O|  |TAMS 0x000000008d300000, 0x000000008d200000| Untracked 
|  35|0x000000008d300000, 0x000000008d400000, 0x000000008d400000|100%| O|  |TAMS 0x000000008d400000, 0x000000008d300000| Untracked 
|  36|0x000000008d400000, 0x000000008d500000, 0x000000008d500000|100%| O|  |TAMS 0x000000008d4d3800, 0x000000008d400000| Untracked 
|  37|0x000000008d500000, 0x000000008d590800, 0x000000008d600000| 56%| O|  |TAMS 0x000000008d500000, 0x000000008d500000| Untracked 
|  38|0x000000008d600000, 0x000000008d600000, 0x000000008d700000|  0%| F|  |TAMS 0x000000008d600000, 0x000000008d600000| Untracked 
|  39|0x000000008d700000, 0x000000008d700000, 0x000000008d800000|  0%| F|  |TAMS 0x000000008d700000, 0x000000008d700000| Untracked 
|  40|0x000000008d800000, 0x000000008d800000, 0x000000008d900000|  0%| F|  |TAMS 0x000000008d800000, 0x000000008d800000| Untracked 
|  41|0x000000008d900000, 0x000000008d900000, 0x000000008da00000|  0%| F|  |TAMS 0x000000008d900000, 0x000000008d900000| Untracked 
|  42|0x000000008da00000, 0x000000008da00000, 0x000000008db00000|  0%| F|  |TAMS 0x000000008da00000, 0x000000008da00000| Untracked 
|  43|0x000000008db00000, 0x000000008db00000, 0x000000008dc00000|  0%| F|  |TAMS 0x000000008db00000, 0x000000008db00000| Untracked 
|  44|0x000000008dc00000, 0x000000008dc00000, 0x000000008dd00000|  0%| F|  |TAMS 0x000000008dc00000, 0x000000008dc00000| Untracked 
|  45|0x000000008dd00000, 0x000000008dd00000, 0x000000008de00000|  0%| F|  |TAMS 0x000000008dd00000, 0x000000008dd00000| Untracked 
|  46|0x000000008de00000, 0x000000008de00000, 0x000000008df00000|  0%| F|  |TAMS 0x000000008de00000, 0x000000008de00000| Untracked 
|  47|0x000000008df00000, 0x000000008df00000, 0x000000008e000000|  0%| F|  |TAMS 0x000000008df00000, 0x000000008df00000| Untracked 
|  48|0x000000008e000000, 0x000000008e000000, 0x000000008e100000|  0%| F|  |TAMS 0x000000008e000000, 0x000000008e000000| Untracked 
|  49|0x000000008e100000, 0x000000008e100000, 0x000000008e200000|  0%| F|  |TAMS 0x000000008e100000, 0x000000008e100000| Untracked 
|  50|0x000000008e200000, 0x000000008e200000, 0x000000008e300000|  0%| F|  |TAMS 0x000000008e200000, 0x000000008e200000| Untracked 
|  51|0x000000008e300000, 0x000000008e300000, 0x000000008e400000|  0%| F|  |TAMS 0x000000008e300000, 0x000000008e300000| Untracked 
|  52|0x000000008e400000, 0x000000008e400000, 0x000000008e500000|  0%| F|  |TAMS 0x000000008e400000, 0x000000008e400000| Untracked 
|  53|0x000000008e500000, 0x000000008e500000, 0x000000008e600000|  0%| F|  |TAMS 0x000000008e500000, 0x000000008e500000| Untracked 
|  54|0x000000008e600000, 0x000000008e600000, 0x000000008e700000|  0%| F|  |TAMS 0x000000008e600000, 0x000000008e600000| Untracked 
|  55|0x000000008e700000, 0x000000008e700000, 0x000000008e800000|  0%| F|  |TAMS 0x000000008e700000, 0x000000008e700000| Untracked 
|  56|0x000000008e800000, 0x000000008e800000, 0x000000008e900000|  0%| F|  |TAMS 0x000000008e800000, 0x000000008e800000| Untracked 
|  57|0x000000008e900000, 0x000000008e900000, 0x000000008ea00000|  0%| F|  |TAMS 0x000000008e900000, 0x000000008e900000| Untracked 
|  58|0x000000008ea00000, 0x000000008ea00000, 0x000000008eb00000|  0%| F|  |TAMS 0x000000008ea00000, 0x000000008ea00000| Untracked 
|  59|0x000000008eb00000, 0x000000008eb00000, 0x000000008ec00000|  0%| F|  |TAMS 0x000000008eb00000, 0x000000008eb00000| Untracked 
|  60|0x000000008ec00000, 0x000000008ec00000, 0x000000008ed00000|  0%| F|  |TAMS 0x000000008ec00000, 0x000000008ec00000| Untracked 
|  61|0x000000008ed00000, 0x000000008ed00000, 0x000000008ee00000|  0%| F|  |TAMS 0x000000008ed00000, 0x000000008ed00000| Untracked 
|  62|0x000000008ee00000, 0x000000008ee00000, 0x000000008ef00000|  0%| F|  |TAMS 0x000000008ee00000, 0x000000008ee00000| Untracked 
|  63|0x000000008ef00000, 0x000000008ef00000, 0x000000008f000000|  0%| F|  |TAMS 0x000000008ef00000, 0x000000008ef00000| Untracked 
|  64|0x000000008f000000, 0x000000008f000000, 0x000000008f100000|  0%| F|  |TAMS 0x000000008f000000, 0x000000008f000000| Untracked 
|  65|0x000000008f100000, 0x000000008f100000, 0x000000008f200000|  0%| F|  |TAMS 0x000000008f100000, 0x000000008f100000| Untracked 
|  66|0x000000008f200000, 0x000000008f200000, 0x000000008f300000|  0%| F|  |TAMS 0x000000008f200000, 0x000000008f200000| Untracked 
|  67|0x000000008f300000, 0x000000008f300000, 0x000000008f400000|  0%| F|  |TAMS 0x000000008f300000, 0x000000008f300000| Untracked 
|  68|0x000000008f400000, 0x000000008f400000, 0x000000008f500000|  0%| F|  |TAMS 0x000000008f400000, 0x000000008f400000| Untracked 
|  69|0x000000008f500000, 0x000000008f500000, 0x000000008f600000|  0%| F|  |TAMS 0x000000008f500000, 0x000000008f500000| Untracked 
|  70|0x000000008f600000, 0x000000008f600000, 0x000000008f700000|  0%| F|  |TAMS 0x000000008f600000, 0x000000008f600000| Untracked 
|  71|0x000000008f700000, 0x000000008f700000, 0x000000008f800000|  0%| F|  |TAMS 0x000000008f700000, 0x000000008f700000| Untracked 
|  72|0x000000008f800000, 0x000000008f800000, 0x000000008f900000|  0%| F|  |TAMS 0x000000008f800000, 0x000000008f800000| Untracked 
|  73|0x000000008f900000, 0x000000008f900000, 0x000000008fa00000|  0%| F|  |TAMS 0x000000008f900000, 0x000000008f900000| Untracked 
|  74|0x000000008fa00000, 0x000000008fa00000, 0x000000008fb00000|  0%| F|  |TAMS 0x000000008fa00000, 0x000000008fa00000| Untracked 
|  75|0x000000008fb00000, 0x000000008fb00000, 0x000000008fc00000|  0%| F|  |TAMS 0x000000008fb00000, 0x000000008fb00000| Untracked 
|  76|0x000000008fc00000, 0x000000008fc00000, 0x000000008fd00000|  0%| F|  |TAMS 0x000000008fc00000, 0x000000008fc00000| Untracked 
|  77|0x000000008fd00000, 0x000000008fd00000, 0x000000008fe00000|  0%| F|  |TAMS 0x000000008fd00000, 0x000000008fd00000| Untracked 
|  78|0x000000008fe00000, 0x000000008fe00000, 0x000000008ff00000|  0%| F|  |TAMS 0x000000008fe00000, 0x000000008fe00000| Untracked 
|  79|0x000000008ff00000, 0x000000008ff00000, 0x0000000090000000|  0%| F|  |TAMS 0x000000008ff00000, 0x000000008ff00000| Untracked 
|  80|0x0000000090000000, 0x0000000090000000, 0x0000000090100000|  0%| F|  |TAMS 0x0000000090000000, 0x0000000090000000| Untracked 
|  81|0x0000000090100000, 0x0000000090100000, 0x0000000090200000|  0%| F|  |TAMS 0x0000000090100000, 0x0000000090100000| Untracked 
|  82|0x0000000090200000, 0x000000009023e8f0, 0x0000000090300000| 24%| S|CS|TAMS 0x0000000090200000, 0x0000000090200000| Complete 
|  83|0x0000000090300000, 0x0000000090300000, 0x0000000090400000|  0%| F|  |TAMS 0x0000000090300000, 0x0000000090300000| Untracked 
|  84|0x0000000090400000, 0x0000000090400000, 0x0000000090500000|  0%| F|  |TAMS 0x0000000090400000, 0x0000000090400000| Untracked 
|  85|0x0000000090500000, 0x0000000090500000, 0x0000000090600000|  0%| F|  |TAMS 0x0000000090500000, 0x0000000090500000| Untracked 
|  86|0x0000000090600000, 0x0000000090600000, 0x0000000090700000|  0%| F|  |TAMS 0x0000000090600000, 0x0000000090600000| Untracked 
|  87|0x0000000090700000, 0x0000000090700000, 0x0000000090800000|  0%| F|  |TAMS 0x0000000090700000, 0x0000000090700000| Untracked 
|  88|0x0000000090800000, 0x0000000090800000, 0x0000000090900000|  0%| F|  |TAMS 0x0000000090800000, 0x0000000090800000| Untracked 
|  89|0x0000000090900000, 0x0000000090900000, 0x0000000090a00000|  0%| F|  |TAMS 0x0000000090900000, 0x0000000090900000| Untracked 
|  90|0x0000000090a00000, 0x0000000090a00000, 0x0000000090b00000|  0%| F|  |TAMS 0x0000000090a00000, 0x0000000090a00000| Untracked 
|  91|0x0000000090b00000, 0x0000000090b00000, 0x0000000090c00000|  0%| F|  |TAMS 0x0000000090b00000, 0x0000000090b00000| Untracked 
|  92|0x0000000090c00000, 0x0000000090c00000, 0x0000000090d00000|  0%| F|  |TAMS 0x0000000090c00000, 0x0000000090c00000| Untracked 
|  93|0x0000000090d00000, 0x0000000090d00000, 0x0000000090e00000|  0%| F|  |TAMS 0x0000000090d00000, 0x0000000090d00000| Untracked 
|  94|0x0000000090e00000, 0x0000000090e00000, 0x0000000090f00000|  0%| F|  |TAMS 0x0000000090e00000, 0x0000000090e00000| Untracked 
|  95|0x0000000090f00000, 0x0000000090f00000, 0x0000000091000000|  0%| F|  |TAMS 0x0000000090f00000, 0x0000000090f00000| Untracked 
|  96|0x0000000091000000, 0x0000000091000000, 0x0000000091100000|  0%| F|  |TAMS 0x0000000091000000, 0x0000000091000000| Untracked 
|  97|0x0000000091100000, 0x0000000091100000, 0x0000000091200000|  0%| F|  |TAMS 0x0000000091100000, 0x0000000091100000| Untracked 
|  98|0x0000000091200000, 0x0000000091200000, 0x0000000091300000|  0%| F|  |TAMS 0x0000000091200000, 0x0000000091200000| Untracked 
|  99|0x0000000091300000, 0x0000000091300000, 0x0000000091400000|  0%| F|  |TAMS 0x0000000091300000, 0x0000000091300000| Untracked 
| 100|0x0000000091400000, 0x0000000091400000, 0x0000000091500000|  0%| F|  |TAMS 0x0000000091400000, 0x0000000091400000| Untracked 
| 101|0x0000000091500000, 0x0000000091500000, 0x0000000091600000|  0%| F|  |TAMS 0x0000000091500000, 0x0000000091500000| Untracked 
| 102|0x0000000091600000, 0x0000000091600000, 0x0000000091700000|  0%| F|  |TAMS 0x0000000091600000, 0x0000000091600000| Untracked 
| 103|0x0000000091700000, 0x0000000091700000, 0x0000000091800000|  0%| F|  |TAMS 0x0000000091700000, 0x0000000091700000| Untracked 
| 104|0x0000000091800000, 0x0000000091800000, 0x0000000091900000|  0%| F|  |TAMS 0x0000000091800000, 0x0000000091800000| Untracked 
| 105|0x0000000091900000, 0x0000000091900000, 0x0000000091a00000|  0%| F|  |TAMS 0x0000000091900000, 0x0000000091900000| Untracked 
| 106|0x0000000091a00000, 0x0000000091a00000, 0x0000000091b00000|  0%| F|  |TAMS 0x0000000091a00000, 0x0000000091a00000| Untracked 
| 107|0x0000000091b00000, 0x0000000091b00000, 0x0000000091c00000|  0%| F|  |TAMS 0x0000000091b00000, 0x0000000091b00000| Untracked 
| 108|0x0000000091c00000, 0x0000000091c00000, 0x0000000091d00000|  0%| F|  |TAMS 0x0000000091c00000, 0x0000000091c00000| Untracked 
| 109|0x0000000091d00000, 0x0000000091d00000, 0x0000000091e00000|  0%| F|  |TAMS 0x0000000091d00000, 0x0000000091d00000| Untracked 
| 110|0x0000000091e00000, 0x0000000091e00000, 0x0000000091f00000|  0%| F|  |TAMS 0x0000000091e00000, 0x0000000091e00000| Untracked 
| 111|0x0000000091f00000, 0x0000000091f00000, 0x0000000092000000|  0%| F|  |TAMS 0x0000000091f00000, 0x0000000091f00000| Untracked 
| 112|0x0000000092000000, 0x0000000092000000, 0x0000000092100000|  0%| F|  |TAMS 0x0000000092000000, 0x0000000092000000| Untracked 
| 113|0x0000000092100000, 0x0000000092100000, 0x0000000092200000|  0%| F|  |TAMS 0x0000000092100000, 0x0000000092100000| Untracked 
| 114|0x0000000092200000, 0x0000000092200000, 0x0000000092300000|  0%| F|  |TAMS 0x0000000092200000, 0x0000000092200000| Untracked 
| 115|0x0000000092300000, 0x0000000092300000, 0x0000000092400000|  0%| F|  |TAMS 0x0000000092300000, 0x0000000092300000| Untracked 
| 116|0x0000000092400000, 0x0000000092400000, 0x0000000092500000|  0%| F|  |TAMS 0x0000000092400000, 0x0000000092400000| Untracked 
| 117|0x0000000092500000, 0x0000000092500000, 0x0000000092600000|  0%| F|  |TAMS 0x0000000092500000, 0x0000000092500000| Untracked 
|1871|0x00000000fff00000, 0x0000000100000000, 0x0000000100000000|100%| O|  |TAMS 0x0000000100000000, 0x00000000fff00000| Untracked 

Card table byte_map: [0x000001269bee0000,0x000001269c290000] _byte_map_base: 0x000001269ba88000

Marking Bits (Prev, Next): (CMBitMap*) 0x00000126870e1c50, (CMBitMap*) 0x00000126870e1c10
 Prev Bits: [0x000001269e380000, 0x00000126a00c0000)
 Next Bits: [0x000001269c640000, 0x000001269e380000)

Polling page: 0x0000012686e00000

Metaspace:

Usage:
  Non-class:     45.69 MB used.
      Class:      6.13 MB used.
       Both:     51.82 MB used.

Virtual space:
  Non-class space:       64.00 MB reserved,      45.81 MB ( 72%) committed,  1 nodes.
      Class space:        1.00 GB reserved,       6.19 MB ( <1%) committed,  1 nodes.
             Both:        1.06 GB reserved,      52.00 MB (  5%) committed. 

Chunk freelists:
   Non-Class:  1.38 MB
       Class:  9.75 MB
        Both:  11.12 MB

MaxMetaspaceSize: unlimited
CompressedClassSpaceSize: 1.00 GB
Initial GC threshold: 21.00 MB
Current GC threshold: 83.69 MB
CDS: off
MetaspaceReclaimPolicy: balanced
 - commit_granule_bytes: 65536.
 - commit_granule_words: 8192.
 - virtual_space_node_default_size: 8388608.
 - enlarge_chunks_in_place: 1.
 - new_chunks_are_fully_committed: 0.
 - uncommit_free_chunks: 1.
 - use_allocation_guard: 0.
 - handle_deallocations: 1.


Internal statistics:

num_allocs_failed_limit: 3.
num_arena_births: 188.
num_arena_deaths: 0.
num_vsnodes_births: 2.
num_vsnodes_deaths: 0.
num_space_committed: 830.
num_space_uncommitted: 0.
num_chunks_returned_to_freelist: 3.
num_chunks_taken_from_freelist: 1703.
num_chunk_merges: 3.
num_chunk_splits: 1449.
num_chunks_enlarged: 1331.
num_inconsistent_stats: 0.

CodeHeap 'non-profiled nmethods': size=119168Kb used=2324Kb max_used=2324Kb free=116843Kb
 bounds [0x0000012693710000, 0x0000012693980000, 0x000001269ab70000]
CodeHeap 'profiled nmethods': size=119104Kb used=14531Kb max_used=14531Kb free=104572Kb
 bounds [0x000001268bb70000, 0x000001268c9b0000, 0x0000012692fc0000]
CodeHeap 'non-nmethods': size=7488Kb used=2984Kb max_used=3041Kb free=4503Kb
 bounds [0x0000012692fc0000, 0x00000126932d0000, 0x0000012693710000]
 total_blobs=6328 nmethods=5732 adapters=504
 compilation: enabled
              stopped_count=0, restarted_count=0
 full_count=0

Compilation events (20 events):
Event: 2.788 Thread 0x00000126a37c3280 nmethod 5755 0x000001268c99a590 code [0x000001268c99a760, 0x000001268c99abb8]
Event: 2.788 Thread 0x00000126a37c3280 5759       1       org.jetbrains.kotlin.load.java.lazy.descriptors.JvmPackageScope::access$getPackageFragment$p (5 bytes)
Event: 2.788 Thread 0x00000126a3489940 5760   !   3       org.jetbrains.kotlin.metadata.ProtoBuf$Package::<init> (656 bytes)
Event: 2.788 Thread 0x00000126a37c3280 nmethod 5759 0x0000012693953c10 code [0x0000012693953da0, 0x0000012693953e58]
Event: 2.788 Thread 0x00000126a32fba00 nmethod 5758 0x000001268c99ad90 code [0x000001268c99af60, 0x000001268c99b258]
Event: 2.788 Thread 0x00000126a37c3280 5761       1       org.jetbrains.kotlin.metadata.ProtoBuf$Package::getVersionRequirementTable (5 bytes)
Event: 2.788 Thread 0x00000126a32fba00 5762       1       org.jetbrains.kotlin.metadata.ProtoBuf$Package::getFunctionList (5 bytes)
Event: 2.788 Thread 0x00000126a37c3280 nmethod 5761 0x0000012693953f10 code [0x00000126939540a0, 0x0000012693954178]
Event: 2.788 Thread 0x00000126a32fba00 nmethod 5762 0x0000012693954210 code [0x00000126939543a0, 0x0000012693954478]
Event: 2.788 Thread 0x00000126a32fba00 5763       1       org.jetbrains.kotlin.metadata.ProtoBuf$Package::getPropertyList (5 bytes)
Event: 2.788 Thread 0x00000126a37c3280 5764       1       org.jetbrains.kotlin.metadata.ProtoBuf$Package::getTypeAliasList (5 bytes)
Event: 2.788 Thread 0x00000126a32fba00 nmethod 5763 0x0000012693954510 code [0x00000126939546a0, 0x0000012693954778]
Event: 2.788 Thread 0x00000126a37c3280 nmethod 5764 0x0000012693954810 code [0x00000126939549a0, 0x0000012693954a78]
Event: 2.788 Thread 0x00000126a37c3280 5766       1       org.jetbrains.kotlin.serialization.deserialization.descriptors.DeserializedMemberScope$OptimizedImplementation::access$getPropertyProtosBytes$p (5 bytes)
Event: 2.788 Thread 0x00000126a32fba00 5765       1       org.jetbrains.kotlin.serialization.deserialization.descriptors.DeserializedMemberScope$OptimizedImplementation::access$getFunctionProtosBytes$p (5 bytes)
Event: 2.788 Thread 0x00000126a37c3280 nmethod 5766 0x0000012693954b10 code [0x0000012693954ca0, 0x0000012693954d58]
Event: 2.788 Thread 0x00000126a32fba00 nmethod 5765 0x0000012693954e10 code [0x0000012693954fa0, 0x0000012693955058]
Event: 2.788 Thread 0x00000126a32fba00 5767       3       org.jetbrains.kotlin.metadata.jvm.deserialization.ModuleMapping::findPackageParts (20 bytes)
Event: 2.788 Thread 0x00000126a3991380 nmethod 5751 0x000001268c99b390 code [0x000001268c99ba00, 0x000001268c99eef8]
Event: 2.789 Thread 0x00000126a32fba00 nmethod 5767 0x000001268c9a0190 code [0x000001268c9a03c0, 0x000001268c9a0b08]

GC Heap History (20 events):
Event: 1.764 GC heap after
{Heap after GC invocations=12 (full 0):
 garbage-first heap   total 45056K, used 19598K [0x000000008b000000, 0x0000000100000000)
  region size 1024K, 3 young (3072K), 3 survivors (3072K)
 Metaspace       used 45210K, committed 45440K, reserved 1114112K
  class space    used 5510K, committed 5632K, reserved 1048576K
}
Event: 1.914 GC heap before
{Heap before GC invocations=12 (full 0):
 garbage-first heap   total 45056K, used 34958K [0x000000008b000000, 0x0000000100000000)
  region size 1024K, 17 young (17408K), 3 survivors (3072K)
 Metaspace       used 47033K, committed 47296K, reserved 1114112K
  class space    used 5703K, committed 5824K, reserved 1048576K
}
Event: 1.919 GC heap after
{Heap after GC invocations=13 (full 0):
 garbage-first heap   total 54272K, used 24505K [0x000000008b000000, 0x0000000100000000)
  region size 1024K, 3 young (3072K), 3 survivors (3072K)
 Metaspace       used 47033K, committed 47296K, reserved 1114112K
  class space    used 5703K, committed 5824K, reserved 1048576K
}
Event: 1.973 GC heap before
{Heap before GC invocations=13 (full 0):
 garbage-first heap   total 54272K, used 40889K [0x000000008b000000, 0x0000000100000000)
  region size 1024K, 19 young (19456K), 3 survivors (3072K)
 Metaspace       used 47259K, committed 47488K, reserved 1114112K
  class space    used 5708K, committed 5824K, reserved 1048576K
}
Event: 1.979 GC heap after
{Heap after GC invocations=14 (full 0):
 garbage-first heap   total 54272K, used 28980K [0x000000008b000000, 0x0000000100000000)
  region size 1024K, 3 young (3072K), 3 survivors (3072K)
 Metaspace       used 47259K, committed 47488K, reserved 1114112K
  class space    used 5708K, committed 5824K, reserved 1048576K
}
Event: 2.004 GC heap before
{Heap before GC invocations=14 (full 0):
 garbage-first heap   total 54272K, used 40244K [0x000000008b000000, 0x0000000100000000)
  region size 1024K, 14 young (14336K), 3 survivors (3072K)
 Metaspace       used 47337K, committed 47552K, reserved 1114112K
  class space    used 5716K, committed 5824K, reserved 1048576K
}
Event: 2.008 GC heap after
{Heap after GC invocations=15 (full 0):
 garbage-first heap   total 54272K, used 30236K [0x000000008b000000, 0x0000000100000000)
  region size 1024K, 1 young (1024K), 1 survivors (1024K)
 Metaspace       used 47337K, committed 47552K, reserved 1114112K
  class space    used 5716K, committed 5824K, reserved 1048576K
}
Event: 2.199 GC heap before
{Heap before GC invocations=16 (full 0):
 garbage-first heap   total 54272K, used 40476K [0x000000008b000000, 0x0000000100000000)
  region size 1024K, 12 young (12288K), 1 survivors (1024K)
 Metaspace       used 49477K, committed 49728K, reserved 1114112K
  class space    used 5967K, committed 6080K, reserved 1048576K
}
Event: 2.203 GC heap after
{Heap after GC invocations=17 (full 0):
 garbage-first heap   total 54272K, used 32373K [0x000000008b000000, 0x0000000100000000)
  region size 1024K, 2 young (2048K), 2 survivors (2048K)
 Metaspace       used 49477K, committed 49728K, reserved 1114112K
  class space    used 5967K, committed 6080K, reserved 1048576K
}
Event: 2.325 GC heap before
{Heap before GC invocations=17 (full 0):
 garbage-first heap   total 54272K, used 41589K [0x000000008b000000, 0x0000000100000000)
  region size 1024K, 11 young (11264K), 2 survivors (2048K)
 Metaspace       used 50269K, committed 50496K, reserved 1114112K
  class space    used 5983K, committed 6080K, reserved 1048576K
}
Event: 2.331 GC heap after
{Heap after GC invocations=18 (full 0):
 garbage-first heap   total 75776K, used 34173K [0x000000008b000000, 0x0000000100000000)
  region size 1024K, 2 young (2048K), 2 survivors (2048K)
 Metaspace       used 50269K, committed 50496K, reserved 1114112K
  class space    used 5983K, committed 6080K, reserved 1048576K
}
Event: 2.526 GC heap before
{Heap before GC invocations=19 (full 0):
 garbage-first heap   total 75776K, used 55677K [0x000000008b000000, 0x0000000100000000)
  region size 1024K, 23 young (23552K), 2 survivors (2048K)
 Metaspace       used 50720K, committed 50944K, reserved 1114112K
  class space    used 6020K, committed 6144K, reserved 1048576K
}
Event: 2.533 GC heap after
{Heap after GC invocations=20 (full 0):
 garbage-first heap   total 75776K, used 37888K [0x000000008b000000, 0x0000000100000000)
  region size 1024K, 3 young (3072K), 3 survivors (3072K)
 Metaspace       used 50720K, committed 50944K, reserved 1114112K
  class space    used 6020K, committed 6144K, reserved 1048576K
}
Event: 2.545 GC heap before
{Heap before GC invocations=20 (full 0):
 garbage-first heap   total 75776K, used 38912K [0x000000008b000000, 0x0000000100000000)
  region size 1024K, 4 young (4096K), 3 survivors (3072K)
 Metaspace       used 50737K, committed 50944K, reserved 1114112K
  class space    used 6020K, committed 6144K, reserved 1048576K
}
Event: 2.549 GC heap after
{Heap after GC invocations=21 (full 0):
 garbage-first heap   total 75776K, used 36206K [0x000000008b000000, 0x0000000100000000)
  region size 1024K, 1 young (1024K), 1 survivors (1024K)
 Metaspace       used 50737K, committed 50944K, reserved 1114112K
  class space    used 6020K, committed 6144K, reserved 1048576K
}
Event: 2.646 GC heap before
{Heap before GC invocations=21 (full 0):
 garbage-first heap   total 75776K, used 56686K [0x000000008b000000, 0x0000000100000000)
  region size 1024K, 21 young (21504K), 1 survivors (1024K)
 Metaspace       used 51146K, committed 51392K, reserved 1114112K
  class space    used 6050K, committed 6144K, reserved 1048576K
}
Event: 2.649 GC heap after
{Heap after GC invocations=22 (full 0):
 garbage-first heap   total 75776K, used 38134K [0x000000008b000000, 0x0000000100000000)
  region size 1024K, 3 young (3072K), 3 survivors (3072K)
 Metaspace       used 51146K, committed 51392K, reserved 1114112K
  class space    used 6050K, committed 6144K, reserved 1048576K
}
Event: 2.781 GC heap before
{Heap before GC invocations=23 (full 0):
 garbage-first heap   total 75776K, used 57590K [0x000000008b000000, 0x0000000100000000)
  region size 1024K, 22 young (22528K), 3 survivors (3072K)
 Metaspace       used 53053K, committed 53248K, reserved 1114112K
  class space    used 6273K, committed 6336K, reserved 1048576K
}
Event: 2.785 GC heap after
{Heap after GC invocations=24 (full 0):
 garbage-first heap   total 75776K, used 39273K [0x000000008b000000, 0x0000000100000000)
  region size 1024K, 2 young (2048K), 2 survivors (2048K)
 Metaspace       used 53053K, committed 53248K, reserved 1114112K
  class space    used 6273K, committed 6336K, reserved 1048576K
}
Event: 2.789 GC heap before
{Heap before GC invocations=24 (full 0):
 garbage-first heap   total 75776K, used 40297K [0x000000008b000000, 0x0000000100000000)
  region size 1024K, 3 young (3072K), 2 survivors (2048K)
 Metaspace       used 53061K, committed 53248K, reserved 1114112K
  class space    used 6273K, committed 6336K, reserved 1048576K
}

Dll operation events (2 events):
Event: 0.005 Loaded shared library C:\Program Files\Android\Android Studio\jbr\bin\java.dll
Event: 0.833 Loaded shared library C:\Program Files\Android\Android Studio\jbr\bin\verify.dll

Deoptimization events (20 events):
Event: 2.762 Thread 0x0000012687087200 DEOPT PACKING pc=0x00000126938fb6a8 sp=0x0000000aeccfb1a0
Event: 2.762 Thread 0x0000012687087200 DEOPT UNPACKING pc=0x000001269301a1a3 sp=0x0000000aeccfb1a0 mode 2
Event: 2.762 Thread 0x0000012687087200 Uncommon trap: trap_request=0xffffffc6 fr.pc=0x00000126938fb6a8 relative=0x0000000000000d28
Event: 2.762 Thread 0x0000012687087200 Uncommon trap: reason=bimorphic_or_optimized_type_check action=maybe_recompile pc=0x00000126938fb6a8 method=kotlin.collections.CollectionsKt__MutableCollectionsKt.addAll(Ljava/util/Collection;Ljava/lang/Iterable;)Z @ 24 c2
Event: 2.762 Thread 0x0000012687087200 DEOPT PACKING pc=0x00000126938fb6a8 sp=0x0000000aeccfb2d0
Event: 2.762 Thread 0x0000012687087200 DEOPT UNPACKING pc=0x000001269301a1a3 sp=0x0000000aeccfb2d0 mode 2
Event: 2.765 Thread 0x0000012687087200 Uncommon trap: trap_request=0xffffff45 fr.pc=0x000001269386d1a4 relative=0x0000000000000864
Event: 2.765 Thread 0x0000012687087200 Uncommon trap: reason=unstable_if action=reinterpret pc=0x000001269386d1a4 method=gnu.trove.TObjectHash.insertionIndex(Ljava/lang/Object;)I @ 182 c2
Event: 2.765 Thread 0x0000012687087200 DEOPT PACKING pc=0x000001269386d1a4 sp=0x0000000aeccfb1d0
Event: 2.765 Thread 0x0000012687087200 DEOPT UNPACKING pc=0x000001269301a1a3 sp=0x0000000aeccfb158 mode 2
Event: 2.767 Thread 0x0000012687087200 DEOPT PACKING pc=0x000001268c39fb21 sp=0x0000000aeccfab50
Event: 2.767 Thread 0x0000012687087200 DEOPT UNPACKING pc=0x000001269301ace3 sp=0x0000000aeccfa058 mode 0
Event: 2.771 Thread 0x0000012687087200 DEOPT PACKING pc=0x000001268c39fb21 sp=0x0000000aeccfab50
Event: 2.771 Thread 0x0000012687087200 DEOPT UNPACKING pc=0x000001269301ace3 sp=0x0000000aeccfa058 mode 0
Event: 2.778 Thread 0x0000012687087200 DEOPT PACKING pc=0x000001268c39fb21 sp=0x0000000aeccfab50
Event: 2.778 Thread 0x0000012687087200 DEOPT UNPACKING pc=0x000001269301ace3 sp=0x0000000aeccfa058 mode 0
Event: 2.778 Thread 0x0000012687087200 DEOPT PACKING pc=0x000001268c39fb21 sp=0x0000000aeccfab50
Event: 2.778 Thread 0x0000012687087200 DEOPT UNPACKING pc=0x000001269301ace3 sp=0x0000000aeccfa058 mode 0
Event: 2.789 Thread 0x0000012687087200 DEOPT PACKING pc=0x000001268c39fb21 sp=0x0000000aeccfab50
Event: 2.789 Thread 0x0000012687087200 DEOPT UNPACKING pc=0x000001269301ace3 sp=0x0000000aeccfa058 mode 0

Classes unloaded (0 events):
No events

Classes redefined (0 events):
No events

Internal exceptions (20 events):
Event: 0.733 Thread 0x0000012687087200 Exception <a 'java/lang/NoSuchMethodError'{0x000000008c53fb00}: 'int java.lang.invoke.DirectMethodHandle$Holder.invokeStaticInit(java.lang.Object, java.lang.Object)'> (0x000000008c53fb00) 
thrown [s\src\hotspot\share\interpreter\linkResolver.cpp, line 771]
Event: 0.742 Thread 0x0000012687087200 Exception <a 'java/lang/NoSuchMethodError'{0x000000008c41e238}: 'void java.lang.invoke.DirectMethodHandle$Holder.invokeSpecial(java.lang.Object, java.lang.Object, java.lang.Object)'> (0x000000008c41e238) 
thrown [s\src\hotspot\share\interpreter\linkResolver.cpp, line 771]
Event: 0.773 Thread 0x0000012687087200 Exception <a 'java/lang/NoSuchMethodError'{0x000000008c142aa8}: 'void java.lang.invoke.DirectMethodHandle$Holder.invokeStatic(java.lang.Object, java.lang.Object, java.lang.Object, java.lang.Object)'> (0x000000008c142aa8) 
thrown [s\src\hotspot\share\interpreter\linkResolver.cpp, line 771]
Event: 0.810 Thread 0x0000012687087200 Exception <a 'java/lang/NoSuchMethodError'{0x000000008bd044b0}: 'void java.lang.invoke.DirectMethodHandle$Holder.invokeStaticInit(java.lang.Object, java.lang.Object)'> (0x000000008bd044b0) 
thrown [s\src\hotspot\share\interpreter\linkResolver.cpp, line 771]
Event: 0.868 Thread 0x0000012687087200 Exception <a 'java/lang/NoSuchMethodError'{0x00000000925eda68}: 'void java.lang.invoke.DirectMethodHandle$Holder.invokeVirtual(java.lang.Object, java.lang.Object)'> (0x00000000925eda68) 
thrown [s\src\hotspot\share\interpreter\linkResolver.cpp, line 771]
Event: 0.876 Thread 0x0000012687087200 Exception <a 'java/lang/NoSuchMethodError'{0x0000000090268788}: 'int java.lang.invoke.DirectMethodHandle$Holder.invokeVirtual(java.lang.Object, java.lang.Object)'> (0x0000000090268788) 
thrown [s\src\hotspot\share\interpreter\linkResolver.cpp, line 771]
Event: 0.886 Thread 0x0000012687087200 Exception <a 'java/lang/NoSuchMethodError'{0x0000000090101c48}: 'java.lang.Object java.lang.invoke.Invokers$Holder.invokeExact_MT(java.lang.Object, java.lang.Object, java.lang.Object, java.lang.Object, java.lang.Object, java.lang.Object)'> (0x0000000090101c48) 
thrown [s\src\hotspot\share\interpreter\linkResolver.cpp, line 771]
Event: 1.174 Thread 0x0000012687087200 Implicit null exception at 0x0000012693729272 to 0x000001269372984c
Event: 1.237 Thread 0x0000012687087200 Implicit null exception at 0x0000012693729e72 to 0x000001269372a45c
Event: 1.264 Thread 0x0000012687087200 Exception <a 'java/lang/NoSuchMethodError'{0x000000008c8cf3b0}: 'java.lang.Object java.lang.invoke.DirectMethodHandle$Holder.invokeVirtual(java.lang.Object, java.lang.Object, java.lang.Object)'> (0x000000008c8cf3b0) 
thrown [s\src\hotspot\share\interpreter\linkResolver.cpp, line 771]
Event: 1.660 Thread 0x0000012687087200 Exception <a 'java/lang/NoSuchMethodError'{0x000000008d377910}: 'java.lang.Object java.lang.invoke.DirectMethodHandle$Holder.newInvokeSpecial(java.lang.Object, java.lang.Object, int)'> (0x000000008d377910) 
thrown [s\src\hotspot\share\interpreter\linkResolver.cpp, line 771]
Event: 1.680 Thread 0x0000012687087200 Exception <a 'java/lang/NoSuchMethodError'{0x000000008d2f4e58}: 'java.lang.Object java.lang.invoke.DirectMethodHandle$Holder.newInvokeSpecial(java.lang.Object, java.lang.Object, java.lang.Object, int)'> (0x000000008d2f4e58) 
thrown [s\src\hotspot\share\interpreter\linkResolver.cpp, line 771]
Event: 1.680 Thread 0x0000012687087200 Exception <a 'java/lang/NoSuchMethodError'{0x000000008d2f94e0}: 'java.lang.Object java.lang.invoke.DirectMethodHandle$Holder.invokeSpecial(java.lang.Object, java.lang.Object, java.lang.Object, java.lang.Object, int)'> (0x000000008d2f94e0) 
thrown [s\src\hotspot\share\interpreter\linkResolver.cpp, line 771]
Event: 1.680 Thread 0x0000012687087200 Exception <a 'java/lang/NoSuchMethodError'{0x000000008d2fd350}: 'java.lang.Object java.lang.invoke.Invokers$Holder.linkToTargetMethod(java.lang.Object, java.lang.Object, int, java.lang.Object)'> (0x000000008d2fd350) 
thrown [s\src\hotspot\share\interpreter\linkResolver.cpp, line 771]
Event: 2.130 Thread 0x0000012687087200 Exception <a 'java/lang/NoSuchMethodError'{0x000000008dd3e9a8}: 'java.lang.Object java.lang.invoke.DirectMethodHandle$Holder.newInvokeSpecial(java.lang.Object, java.lang.Object, java.lang.Object, java.lang.Object, java.lang.Object, java.lang.Object)'> (0x000000008dd3e9a8) 
thrown [s\src\hotspot\share\interpreter\linkResolver.cpp, line 771]
Event: 2.184 Thread 0x0000012687087200 Exception <a 'java/lang/NoSuchMethodError'{0x000000008d92b270}: 'java.lang.Object java.lang.invoke.DirectMethodHandle$Holder.invokeStaticInit(java.lang.Object, java.lang.Object, java.lang.Object)'> (0x000000008d92b270) 
thrown [s\src\hotspot\share\interpreter\linkResolver.cpp, line 771]
Event: 2.461 Thread 0x0000012687087200 Implicit null exception at 0x000001269376060e to 0x0000012693760864
Event: 2.461 Thread 0x0000012687087200 Implicit null exception at 0x0000012693807b0f to 0x0000012693807b85
Event: 2.520 Thread 0x0000012687087200 Exception <a 'java/lang/NoSuchMethodError'{0x000000008e49b1a0}: 'java.lang.Object java.lang.invoke.DirectMethodHandle$Holder.newInvokeSpecial(java.lang.Object, int, java.lang.Object)'> (0x000000008e49b1a0) 
thrown [s\src\hotspot\share\interpreter\linkResolver.cpp, line 771]
Event: 2.521 Thread 0x0000012687087200 Exception <a 'java/lang/NoSuchMethodError'{0x000000008e4a1808}: 'int java.lang.invoke.DirectMethodHandle$Holder.invokeInterface(java.lang.Object, java.lang.Object)'> (0x000000008e4a1808) 
thrown [s\src\hotspot\share\interpreter\linkResolver.cpp, line 771]

VM Operations (20 events):
Event: 2.609 Executing VM operation: ICBufferFull done
Event: 2.617 Executing VM operation: HandshakeAllThreads
Event: 2.617 Executing VM operation: HandshakeAllThreads done
Event: 2.630 Executing VM operation: HandshakeAllThreads
Event: 2.630 Executing VM operation: HandshakeAllThreads done
Event: 2.646 Executing VM operation: G1CollectForAllocation
Event: 2.649 Executing VM operation: G1CollectForAllocation done
Event: 2.662 Executing VM operation: G1PauseRemark
Event: 2.666 Executing VM operation: G1PauseRemark done
Event: 2.671 Executing VM operation: G1PauseCleanup
Event: 2.671 Executing VM operation: G1PauseCleanup done
Event: 2.674 Executing VM operation: HandshakeAllThreads
Event: 2.674 Executing VM operation: HandshakeAllThreads done
Event: 2.700 Executing VM operation: HandshakeAllThreads
Event: 2.700 Executing VM operation: HandshakeAllThreads done
Event: 2.754 Executing VM operation: HandshakeAllThreads
Event: 2.755 Executing VM operation: HandshakeAllThreads done
Event: 2.781 Executing VM operation: G1CollectForAllocation
Event: 2.785 Executing VM operation: G1CollectForAllocation done
Event: 2.789 Executing VM operation: G1CollectForAllocation

Events (20 events):
Event: 2.018 loading class java/util/stream/ReduceOps$3ReducingSink
Event: 2.018 loading class java/util/stream/ReduceOps$AccumulatingSink
Event: 2.018 loading class java/util/stream/ReduceOps$AccumulatingSink done
Event: 2.018 loading class java/util/stream/ReduceOps$Box
Event: 2.018 loading class java/util/stream/ReduceOps$Box done
Event: 2.018 loading class java/util/stream/ReduceOps$3ReducingSink done
Event: 2.018 loading class java/util/stream/ReferencePipeline$2$1
Event: 2.018 loading class java/util/stream/ReferencePipeline$2$1 done
Event: 2.018 loading class java/util/stream/IntPipeline$1$1
Event: 2.018 loading class java/util/stream/Sink$ChainedInt
Event: 2.018 loading class java/util/stream/Sink$OfInt
Event: 2.018 loading class java/util/function/IntConsumer
Event: 2.018 loading class java/util/function/IntConsumer done
Event: 2.019 loading class java/util/stream/Sink$OfInt done
Event: 2.019 loading class java/util/stream/Sink$ChainedInt done
Event: 2.019 loading class java/util/stream/IntPipeline$1$1 done
Event: 2.132 loading class java/util/RegularEnumSet$EnumSetIterator
Event: 2.132 loading class java/util/RegularEnumSet$EnumSetIterator done
Event: 2.213 loading class java/util/Collections$SingletonMap
Event: 2.213 loading class java/util/Collections$SingletonMap done


Dynamic libraries:
0x00007ff603520000 - 0x00007ff60352a000 	C:\Program Files\Android\Android Studio\jbr\bin\java.exe
0x00007ffde7460000 - 0x00007ffde76c7000 	C:\Windows\SYSTEM32\ntdll.dll
0x00007ffde6310000 - 0x00007ffde63d9000 	C:\Windows\System32\KERNEL32.DLL
0x00007ffde4a00000 - 0x00007ffde4df1000 	C:\Windows\System32\KERNELBASE.dll
0x00007ffde50b0000 - 0x00007ffde51fb000 	C:\Windows\System32\ucrtbase.dll
0x00007ffcbdb30000 - 0x00007ffcbdb47000 	C:\Program Files\Android\Android Studio\jbr\bin\jli.dll
0x00007ffda8ec0000 - 0x00007ffda8edb000 	C:\Program Files\Android\Android Studio\jbr\bin\VCRUNTIME140.dll
0x00007ffde6c80000 - 0x00007ffde6e45000 	C:\Windows\System32\USER32.dll
0x00007ffdcd890000 - 0x00007ffdcdb23000 	C:\Windows\WinSxS\amd64_microsoft.windows.common-controls_6595b64144ccf1df_6.0.26100.8037_none_3e092faae333b53b\COMCTL32.dll
0x00007ffde3eb0000 - 0x00007ffde3ed7000 	C:\Windows\System32\win32u.dll
0x00007ffde6f60000 - 0x00007ffde7009000 	C:\Windows\System32\msvcrt.dll
0x00007ffde5ea0000 - 0x00007ffde5ecb000 	C:\Windows\System32\GDI32.dll
0x00007ffde4e00000 - 0x00007ffde4f2b000 	C:\Windows\System32\gdi32full.dll
0x00007ffde3ee0000 - 0x00007ffde3f83000 	C:\Windows\System32\msvcp_win.dll
0x00007ffde7180000 - 0x00007ffde71b1000 	C:\Windows\System32\IMM32.DLL
0x00007ffdd2630000 - 0x00007ffdd263c000 	C:\Program Files\Android\Android Studio\jbr\bin\vcruntime140_1.dll
0x00007ffda5eb0000 - 0x00007ffda5f3d000 	C:\Program Files\Android\Android Studio\jbr\bin\msvcp140.dll
0x00007ffcbe370000 - 0x00007ffcbeff3000 	C:\Program Files\Android\Android Studio\jbr\bin\server\jvm.dll
0x00007ffde53a0000 - 0x00007ffde545b000 	C:\Windows\System32\ADVAPI32.dll
0x00007ffde7010000 - 0x00007ffde70b7000 	C:\Windows\System32\sechost.dll
0x00007ffde5bd0000 - 0x00007ffde5ce8000 	C:\Windows\System32\RPCRT4.dll
0x00007ffdc8dc0000 - 0x00007ffdc8dca000 	C:\Windows\SYSTEM32\WSOCK32.dll
0x00007ffde2940000 - 0x00007ffde299e000 	C:\Windows\SYSTEM32\POWRPROF.dll
0x00007ffddc390000 - 0x00007ffddc39b000 	C:\Windows\SYSTEM32\VERSION.dll
0x00007ffdd9000000 - 0x00007ffdd9035000 	C:\Windows\SYSTEM32\WINMM.dll
0x00007ffde6290000 - 0x00007ffde6304000 	C:\Windows\System32\WS2_32.dll
0x00007ffde2920000 - 0x00007ffde2934000 	C:\Windows\SYSTEM32\UMPDC.dll
0x00007ffde2bf0000 - 0x00007ffde2c0b000 	C:\Windows\SYSTEM32\kernel.appcore.dll
0x00007ffd64f20000 - 0x00007ffd64f2a000 	C:\Program Files\Android\Android Studio\jbr\bin\jimage.dll
0x00007ffdd29a0000 - 0x00007ffdd2be2000 	C:\Windows\SYSTEM32\DBGHELP.DLL
0x00007ffde68f0000 - 0x00007ffde6c72000 	C:\Windows\System32\combase.dll
0x00007ffde71c0000 - 0x00007ffde7297000 	C:\Windows\System32\OLEAUT32.dll
0x00007ffdc58a0000 - 0x00007ffdc58db000 	C:\Windows\SYSTEM32\dbgcore.DLL
0x00007ffde48c0000 - 0x00007ffde4965000 	C:\Windows\System32\bcryptPrimitives.dll
0x00007ffd64ef0000 - 0x00007ffd64f15000 	C:\Program Files\Android\Android Studio\jbr\bin\java.dll
0x00007ffcdc2c0000 - 0x00007ffcdc2d8000 	C:\Program Files\Android\Android Studio\jbr\bin\zip.dll
0x00007ffde5460000 - 0x00007ffde5bbf000 	C:\Windows\System32\SHELL32.dll
0x00007ffde3d40000 - 0x00007ffde3eaa000 	C:\Windows\System32\wintypes.dll
0x00007ffde4050000 - 0x00007ffde48b4000 	C:\Windows\System32\windows.storage.dll
0x00007ffde72a0000 - 0x00007ffde7397000 	C:\Windows\System32\SHCORE.dll
0x00007ffde73a0000 - 0x00007ffde7407000 	C:\Windows\System32\shlwapi.dll
0x00007ffde3c60000 - 0x00007ffde3c89000 	C:\Windows\SYSTEM32\profapi.dll
0x00007ffd65010000 - 0x00007ffd65029000 	C:\Program Files\Android\Android Studio\jbr\bin\net.dll
0x00007ffdded80000 - 0x00007ffddeea7000 	C:\Windows\SYSTEM32\WINHTTP.dll
0x00007ffde3160000 - 0x00007ffde31cb000 	C:\Windows\system32\mswsock.dll
0x00007ffd64ff0000 - 0x00007ffd65006000 	C:\Program Files\Android\Android Studio\jbr\bin\nio.dll
0x00007ffd64f30000 - 0x00007ffd64f40000 	C:\Program Files\Android\Android Studio\jbr\bin\verify.dll

dbghelp: loaded successfully - version: 4.0.5 - missing functions: none
symbol engine: initialized successfully - sym options: 0x614 - pdb path: .;C:\Program Files\Android\Android Studio\jbr\bin;C:\Windows\SYSTEM32;C:\Windows\WinSxS\amd64_microsoft.windows.common-controls_6595b64144ccf1df_6.0.26100.8037_none_3e092faae333b53b;C:\Program Files\Android\Android Studio\jbr\bin\server

VM Arguments:
java_command: org.jetbrains.kotlin.cli.jvm.K2JVMCompiler @C:\Users\Edralyn\Desktop\IT342LEGIT\IT342-Bibera-Examies\mobile\app\build\20260329_1945169938105374100.compiler.options
java_class_path (initial): C:\Users\Edralyn\.gradle\caches\modules-2\files-2.1\org.jetbrains.kotlin\kotlin-compiler-embeddable\1.9.0\2c8c3a7402becca891f12739b3e9fd2dc2adbd7a\kotlin-compiler-embeddable-1.9.0.jar;C:\Users\Edralyn\.gradle\caches\modules-2\files-2.1\org.jetbrains.kotlin\kotlin-stdlib\1.9.0\8ee15ef0c67dc83d874f412d84378d7f0eb50b63\kotlin-stdlib-1.9.0.jar;C:\Users\Edralyn\.gradle\caches\modules-2\files-2.1\org.jetbrains.kotlin\kotlin-script-runtime\1.9.0\4b3102cbbb7e1b58d9d1adf89563f00069ffa7d1\kotlin-script-runtime-1.9.0.jar;C:\Users\Edralyn\.gradle\caches\modules-2\files-2.1\org.jetbrains.kotlin\kotlin-reflect\1.6.10\1cbe9c92c12a94eea200d23c2bbaedaf3daf5132\kotlin-reflect-1.6.10.jar;C:\Users\Edralyn\.gradle\caches\modules-2\files-2.1\org.jetbrains.kotlin\kotlin-daemon-embeddable\1.9.0\186543f5e28cf8d9a0290fecc2cf34301c40a65c\kotlin-daemon-embeddable-1.9.0.jar;C:\Users\Edralyn\.gradle\caches\modules-2\files-2.1\org.jetbrains.intellij.deps\trove4j\1.0.20200330\3afb14d5f9ceb459d724e907a21145e8ff394f02\trove4j-1.0.20200330.jar;C:\Users\Edralyn\.gradle\caches\modules-2\files-2.1\org.jetbrains.kotlin\kotlin-stdlib-common\1.9.0\cd65c21cfd1eec4d44ef09f9f52b6d9f8a720636\kotlin-stdlib-common-1.9.0.jar;C:\Users\Edralyn\.gradle\caches\modules-2\files-2.1\org.jetbrains\annotations\13.0\919f0dfe192fb4e063e7dacadee7f8bb9a2672a9\annotations-13.0.jar
Launcher Type: SUN_STANDARD

[Global flags]
     intx CICompilerCount                          = 12                                        {product} {ergonomic}
     uint ConcGCThreads                            = 3                                         {product} {ergonomic}
     uint G1ConcRefinementThreads                  = 13                                        {product} {ergonomic}
   size_t G1HeapRegionSize                         = 1048576                                   {product} {ergonomic}
    uintx GCDrainStackTargetSize                   = 64                                        {product} {ergonomic}
   size_t InitialHeapSize                          = 123731968                                 {product} {ergonomic}
   size_t MarkStackSize                            = 4194304                                   {product} {ergonomic}
   size_t MaxHeapSize                              = 1962934272                                {product} {ergonomic}
   size_t MaxNewSize                               = 1177550848                                {product} {ergonomic}
   size_t MinHeapDeltaBytes                        = 1048576                                   {product} {ergonomic}
   size_t MinHeapSize                              = 8388608                                   {product} {ergonomic}
    uintx NonNMethodCodeHeapSize                   = 7602480                                {pd product} {ergonomic}
    uintx NonProfiledCodeHeapSize                  = 122027880                              {pd product} {ergonomic}
    uintx ProfiledCodeHeapSize                     = 122027880                              {pd product} {ergonomic}
    uintx ReservedCodeCacheSize                    = 251658240                              {pd product} {ergonomic}
     bool SegmentedCodeCache                       = true                                      {product} {ergonomic}
   size_t SoftMaxHeapSize                          = 1962934272                             {manageable} {ergonomic}
     bool UseCompressedClassPointers               = true                           {product lp64_product} {ergonomic}
     bool UseCompressedOops                        = true                           {product lp64_product} {ergonomic}
     bool UseG1GC                                  = true                                      {product} {ergonomic}
     bool UseLargePagesIndividualAllocation        = false                                  {pd product} {ergonomic}

Logging:
Log output configuration:
 #0: stdout all=warning uptime,level,tags
 #1: stderr all=off uptime,level,tags

Environment Variables:
PATH=C:\Windows\system32;C:\Windows;C:\Windows\System32\Wbem;C:\Windows\System32\WindowsPowerShell\v1.0\;C:\Windows\System32\OpenSSH\;C:\Program Files (x86)\NVIDIA Corporation\PhysX\Common;C:\Program Files\NVIDIA Corporation\NVIDIA NvDLISR;C:\Program Files\nodejs\;C:\Program Files\Git\cmd;C:\Users\Edralyn\AppData\Local\Programs\Python\Python313\Scripts\;C:\Users\Edralyn\AppData\Local\Programs\Python\Python313\;C:\Users\Edralyn\AppData\Local\Microsoft\WindowsApps;C:\Users\Edralyn\AppData\Local\Programs\Microsoft VS Code\bin;C:\Users\Edralyn\AppData\Roaming\npm
USERNAME=Edralyn
OS=Windows_NT
PROCESSOR_IDENTIFIER=AMD64 Family 25 Model 117 Stepping 2, AuthenticAMD
TMP=C:\Users\Edralyn\AppData\Local\Temp
TEMP=C:\Users\Edralyn\AppData\Local\Temp



Periodic native trim disabled

JNI global refs:
JNI global refs: 18, weak refs: 16

JNI global refs memory usage: 843, weak refs: 841

OOME stack traces (most recent first):
Classloader memory used:
Loader jdk.internal.loader.ClassLoaders$AppClassLoader                                 : 5328K
Loader bootstrap                                                                       : 1296K
Loader jdk.internal.reflect.DelegatingClassLoader                                      : 7333B


---------------  S Y S T E M  ---------------

OS:
 Windows 11 , 64 bit Build 26100 (10.0.26100.7920)
OS uptime: 0 days 1:05 hours
Hyper-V role detected

CPU: total 16 (initial active 16) (16 cores per cpu, 2 threads per core) family 25 model 117 stepping 2 microcode 0xa70520a, cx8, cmov, fxsr, ht, mmx, 3dnowpref, sse, sse2, sse3, ssse3, sse4a, sse4.1, sse4.2, popcnt, lzcnt, tsc, tscinvbit, avx, avx2, aes, erms, clmul, bmi1, bmi2, adx, avx512f, avx512dq, avx512cd, avx512bw, avx512vl, sha, fma, vzeroupper, avx512_vpopcntdq, avx512_vpclmulqdq, avx512_vaes, avx512_vnni, clflush, clflushopt, avx512_vbmi2, avx512_vbmi, hv
Processor Information for all 16 processors :
  Max Mhz: 3801, Current Mhz: 3801, Mhz Limit: 3801

Memory: 4k page, system-wide physical 7484M (566M free)
TotalPageFile size 30012M (AvailPageFile size 35M)
current process WorkingSet (physical memory assigned to process): 213M, peak: 229M
current process commit charge ("private bytes"): 307M, peak: 350M

vm_info: OpenJDK 64-Bit Server VM (17.0.9+0--11185874) for windows-amd64 JRE (17.0.9+0--11185874), built on Dec  6 2023 18:57:44 by "androidbuild" with MS VC++ 16.10 / 16.11 (VS2019)

END.
